==854401== NVPROF is profiling process 854401, command: ./matrixmul
GPU Device 0: "Tesla V100-PCIE-32GB" with compute capability 7.0
Naive CPU -- time:  0.605037 (s), GFLOPs: 1.331
Naive GPU -- time:  0.0449308 (s), GFLOPs: 17.9233
Total Errors = 0
==854401== Profiling application: ./matrixmul
==854401== Profiling result:
            Type  Time(%)      Time     Calls       Avg       Min       Max  Name
 GPU activities:  100.00%  1.7091ms         1  1.7091ms  1.7091ms  1.7091ms  matMulGPU_naive(matrix_gpu, matrix_gpu, matrix_gpu)
      API calls:   76.35%  147.90ms         3  49.300ms  23.253us  147.85ms  cudaMallocManaged
                   22.31%  43.220ms         1  43.220ms  43.220ms  43.220ms  cudaLaunchKernel
                    0.88%  1.6973ms         1  1.6973ms  1.6973ms  1.6973ms  cudaEventSynchronize
                    0.30%  576.34us         3  192.11us  57.585us  426.63us  cudaFree
                    0.07%  126.44us       101  1.2510us     114ns  50.998us  cuDeviceGetAttribute
                    0.05%  95.224us         1  95.224us  95.224us  95.224us  cudaGetDeviceProperties
                    0.01%  19.956us         2  9.9780us     745ns  19.211us  cudaEventCreate
                    0.01%  19.954us         2  9.9770us  6.3700us  13.584us  cudaEventRecord
                    0.01%  15.407us         1  15.407us  15.407us  15.407us  cudaGetDevice
                    0.01%  11.949us         1  11.949us  11.949us  11.949us  cuDeviceGetPCIBusId
                    0.00%  8.4700us         1  8.4700us  8.4700us  8.4700us  cuDeviceGetName
                    0.00%  7.4890us         1  7.4890us  7.4890us  7.4890us  cudaEventElapsedTime
                    0.00%  4.4330us         1  4.4330us  4.4330us  4.4330us  cudaDeviceSynchronize
                    0.00%  1.2850us         3     428ns     172ns     919ns  cuDeviceGetCount
                    0.00%     927ns         2     463ns     160ns     767ns  cuDeviceGet
                    0.00%     422ns         1     422ns     422ns     422ns  cuDeviceTotalMem
                    0.00%     282ns         1     282ns     282ns     282ns  cuModuleGetLoadingMode
                    0.00%     194ns         1     194ns     194ns     194ns  cuDeviceGetUuid

==854401== Unified Memory profiling result:
Device "Tesla V100-PCIE-32GB (0)"
   Count  Avg Size  Min Size  Max Size  Total Size  Total Time  Name
      65  63.015KB  4.0000KB  0.9961MB  4.000000MB  477.8200us  Host To Device
      12  170.67KB  4.0000KB  0.9961MB  2.000000MB  168.8620us  Device To Host
      11         -         -         -           -  1.350102ms  Gpu page fault groups
Total CPU Page faults: 23
